# JRE version: OpenJDK Runtime Environment Temurin-17.0.8.1+1 (17.0.8.1+1) (build 17.0.8.1+1)
# Java VM: OpenJDK 64-Bit Server VM Temurin-17.0.8.1+1 (17.0.8.1+1, mixed mode, emulated-client, tiered, compressed oops, compressed class ptrs, g1 gc, windows-amd64)
GC Precious Log:
 CPUs: 8 total, 8 available
 Memory: 8043M
 Large Page Support: Disabled
 NUMA Support: Disabled
 Compressed Oops: Enabled (32-bit)
 Heap Region Size: 1M
 Heap Min Capacity: 8M
 Heap Initial Capacity: 126M
 Heap Max Capacity: 2012M
 Pre-touch: Disabled
 Parallel Workers: 8
 Concurrent Workers: 2
 Concurrent Refinement Workers: 8
 Periodic GC: Disabled
Heap:
 garbage-first heap   total 143360K, used 50536K [0x0000000082400000, 0x0000000100000000)
  region size 1024K, 5 young (5120K), 5 survivors (5120K)
 Metaspace       used 96713K, committed 97536K, reserved 1179648K
  class space    used 13494K, committed 13888K, reserved 1048576K
GC Heap History (20 events):
Event: 294.481 GC heap after
{Heap after GC invocations=66 (full 5):
 garbage-first heap   total 133120K, used 51640K [0x0000000082400000, 0x0000000100000000)
  region size 1024K, 8 young (8192K), 8 survivors (8192K)
 Metaspace       used 95436K, committed 96192K, reserved 1179648K
  class space    used 13351K, committed 13696K, reserved 1048576K
}
Event: 294.674 GC heap before
{Heap before GC invocations=66 (full 5):
 garbage-first heap   total 133120K, used 98744K [0x0000000082400000, 0x0000000100000000)
  region size 1024K, 54 young (55296K), 8 survivors (8192K)
 Metaspace       used 95436K, committed 96192K, reserved 1179648K
  class space    used 13351K, committed 13696K, reserved 1048576K
}
Event: 294.691 GC heap after
{Heap after GC invocations=67 (full 5):
 garbage-first heap   total 164864K, used 64137K [0x0000000082400000, 0x0000000100000000)
  region size 1024K, 7 young (7168K), 7 survivors (7168K)
 Metaspace       used 95436K, committed 96192K, reserved 1179648K
  class space    used 13351K, committed 13696K, reserved 1048576K
}
Event: 296.825 GC heap before
{Heap before GC invocations=67 (full 5):
 garbage-first heap   total 164864K, used 90761K [0x0000000082400000, 0x0000000100000000)
  region size 1024K, 34 young (34816K), 7 survivors (7168K)
 Metaspace       used 95456K, committed 96192K, reserved 1179648K
  class space    used 13356K, committed 13696K, reserved 1048576K
}
Event: 296.928 GC heap after
{Heap after GC invocations=68 (full 6):
 garbage-first heap   total 143360K, used 40117K [0x0000000082400000, 0x0000000100000000)
  region size 1024K, 0 young (0K), 0 survivors (0K)
 Metaspace       used 95449K, committed 96192K, reserved 1179648K
  class space    used 13355K, committed 13696K, reserved 1048576K
}
Event: 298.295 GC heap before
{Heap before GC invocations=68 (full 6):
 garbage-first heap   total 143360K, used 98485K [0x0000000082400000, 0x0000000100000000)
  region size 1024K, 58 young (59392K), 0 survivors (0K)
 Metaspace       used 95654K, committed 96384K, reserved 1179648K
  class space    used 13380K, committed 13696K, reserved 1048576K
}
Event: 298.300 GC heap after
{Heap after GC invocations=69 (full 6):
 garbage-first heap   total 143360K, used 44702K [0x0000000082400000, 0x0000000100000000)
  region size 1024K, 5 young (5120K), 5 survivors (5120K)
 Metaspace       used 95654K, committed 96384K, reserved 1179648K
  class space    used 13380K, committed 13696K, reserved 1048576K
}
Event: 299.804 GC heap before
{Heap before GC invocations=69 (full 6):
 garbage-first heap   total 143360K, used 103070K [0x0000000082400000, 0x0000000100000000)
  region size 1024K, 62 young (63488K), 5 survivors (5120K)
 Metaspace       used 96084K, committed 96832K, reserved 1179648K
  class space    used 13416K, committed 13760K, reserved 1048576K
}
Event: 299.813 GC heap after
{Heap after GC invocations=70 (full 6):
 garbage-first heap   total 143360K, used 48017K [0x0000000082400000, 0x0000000100000000)
  region size 1024K, 8 young (8192K), 8 survivors (8192K)
 Metaspace       used 96084K, committed 96832K, reserved 1179648K
  class space    used 13416K, committed 13760K, reserved 1048576K
}
Event: 300.377 GC heap before
{Heap before GC invocations=70 (full 6):
 garbage-first heap   total 143360K, used 105361K [0x0000000082400000, 0x0000000100000000)
  region size 1024K, 64 young (65536K), 8 survivors (8192K)
 Metaspace       used 96202K, committed 96960K, reserved 1179648K
  class space    used 13425K, committed 13760K, reserved 1048576K
}
Event: 300.395 GC heap after
{Heap after GC invocations=71 (full 6):
 garbage-first heap   total 143360K, used 58228K [0x0000000082400000, 0x0000000100000000)
  region size 1024K, 8 young (8192K), 8 survivors (8192K)
 Metaspace       used 96202K, committed 96960K, reserved 1179648K
  class space    used 13425K, committed 13760K, reserved 1048576K
}
Event: 300.627 GC heap before
{Heap before GC invocations=71 (full 6):
 garbage-first heap   total 143360K, used 105332K [0x0000000082400000, 0x0000000100000000)
  region size 1024K, 54 young (55296K), 8 survivors (8192K)
 Metaspace       used 96202K, committed 96960K, reserved 1179648K
  class space    used 13425K, committed 13760K, reserved 1048576K
}
Event: 300.645 GC heap after
{Heap after GC invocations=72 (full 6):
 garbage-first heap   total 143360K, used 69722K [0x0000000082400000, 0x0000000100000000)
  region size 1024K, 7 young (7168K), 7 survivors (7168K)
 Metaspace       used 96202K, committed 96960K, reserved 1179648K
  class space    used 13425K, committed 13760K, reserved 1048576K
}
Event: 308.743 GC heap before
{Heap before GC invocations=72 (full 6):
 garbage-first heap   total 143360K, used 104538K [0x0000000082400000, 0x0000000100000000)
  region size 1024K, 42 young (43008K), 7 survivors (7168K)
 Metaspace       used 96456K, committed 97280K, reserved 1179648K
  class space    used 13459K, committed 13824K, reserved 1048576K
}
Event: 308.755 GC heap after
{Heap after GC invocations=73 (full 6):
 garbage-first heap   total 143360K, used 73149K [0x0000000082400000, 0x0000000100000000)
  region size 1024K, 4 young (4096K), 4 survivors (4096K)
 Metaspace       used 96456K, committed 97280K, reserved 1179648K
  class space    used 13459K, committed 13824K, reserved 1048576K
}
Event: 347.640 GC heap before
{Heap before GC invocations=74 (full 6):
 garbage-first heap   total 143360K, used 107965K [0x0000000082400000, 0x0000000100000000)
  region size 1024K, 38 young (38912K), 4 survivors (4096K)
 Metaspace       used 96453K, committed 97280K, reserved 1179648K
  class space    used 13459K, committed 13824K, reserved 1048576K
}
Event: 347.646 GC heap after
{Heap after GC invocations=75 (full 6):
 garbage-first heap   total 143360K, used 73654K [0x0000000082400000, 0x0000000100000000)
  region size 1024K, 1 young (1024K), 1 survivors (1024K)
 Metaspace       used 96453K, committed 97280K, reserved 1179648K
  class space    used 13459K, committed 13824K, reserved 1048576K
}
Event: 347.735 GC heap before
{Heap before GC invocations=75 (full 6):
 garbage-first heap   total 143360K, used 74678K [0x0000000082400000, 0x0000000100000000)
  region size 1024K, 3 young (3072K), 1 survivors (1024K)
 Metaspace       used 96459K, committed 97280K, reserved 1179648K
  class space    used 13460K, committed 13824K, reserved 1048576K
}
Event: 347.893 GC heap after
{Heap after GC invocations=76 (full 7):
 garbage-first heap   total 143360K, used 46274K [0x0000000082400000, 0x0000000100000000)
  region size 1024K, 0 young (0K), 0 survivors (0K)
 Metaspace       used 96452K, committed 97280K, reserved 1179648K
  class space    used 13459K, committed 13824K, reserved 1048576K
}
Event: 349.003 GC heap before
{Heap before GC invocations=76 (full 7):
 garbage-first heap   total 143360K, used 105666K [0x0000000082400000, 0x0000000100000000)
  region size 1024K, 59 young (60416K), 0 survivors (0K)
 Metaspace       used 96713K, committed 97536K, reserved 1179648K
  class space    used 13494K, committed 13888K, reserved 1048576K
}

